* installing *source* package ‘GWASLasso’ ...
** libs
clang++ -std=gnu++11 -I/Library/Frameworks/R.framework/Resources/include -DNDEBUG  -I"/Library/Frameworks/R.framework/Versions/3.4/Resources/library/Rcpp/include" -I"/Library/Frameworks/R.framework/Versions/3.4/Resources/library/BH/include" -I/usr/local/include   -fPIC  -Wall -g -O2 -c BEDMatrixPlus.cpp -o BEDMatrixPlus.o
BEDMatrixPlus.cpp:106:37: warning: array subscript is of type 'char' [-Wchar-subscripts]
                    summation[idx_k][genotype] += residuals(i0[idx_i], idx_k);
                                    ^~~~~~~~~
1 warning generated.
clang++ -std=gnu++11 -I/Library/Frameworks/R.framework/Resources/include -DNDEBUG  -I"/Library/Frameworks/R.framework/Versions/3.4/Resources/library/Rcpp/include" -I"/Library/Frameworks/R.framework/Versions/3.4/Resources/library/BH/include" -I/usr/local/include   -fPIC  -Wall -g -O2 -c RcppExports.cpp -o RcppExports.o
clang++ -std=gnu++11 -dynamiclib -Wl,-headerpad_max_install_names -undefined dynamic_lookup -single_module -multiply_defined suppress -L/Library/Frameworks/R.framework/Resources/lib -L/usr/local/lib -o GWASLasso.so BEDMatrixPlus.o RcppExports.o -F/Library/Frameworks/R.framework/.. -framework R -Wl,-framework -Wl,CoreFoundation
installing to /Users/jyqian/Dropbox/UKBB/software/packages/GWASLasso/..Rcheck/GWASLasso/libs
** R
** inst
** preparing package for lazy loading
** help
*** installing help indices
** building package indices
** installing vignettes
** testing if installed package can be loaded
Error: package or namespace load failed for ‘GWASLasso’ in dyn.load(file, DLLpath = DLLpath, ...):
 unable to load shared object '/Users/jyqian/Dropbox/UKBB/software/packages/GWASLasso/..Rcheck/GWASLasso/libs/GWASLasso.so':
  dlopen(/Users/jyqian/Dropbox/UKBB/software/packages/GWASLasso/..Rcheck/GWASLasso/libs/GWASLasso.so, 6): Symbol not found: __ZN13BEDMatrixPlus13length_headerE
  Referenced from: /Users/jyqian/Dropbox/UKBB/software/packages/GWASLasso/..Rcheck/GWASLasso/libs/GWASLasso.so
  Expected in: flat namespace
 in /Users/jyqian/Dropbox/UKBB/software/packages/GWASLasso/..Rcheck/GWASLasso/libs/GWASLasso.so
Error: loading failed
Execution halted
ERROR: loading failed
* removing ‘/Users/jyqian/Dropbox/UKBB/software/packages/GWASLasso/..Rcheck/GWASLasso’
